<?xml version="1.0" encoding="utf-8"?><testsuites name="pytest tests"><testsuite name="pytest" errors="0" failures="1" skipped="0" tests="26" time="3.839" timestamp="2026-05-09T12:24:11.304954+00:00" hostname="agent-env-43bbf342-7647-4d41-a9b2-0f46aedf7c9a"><testcase classname="backend.tests.backend_test" name="test_root" time="0.265" /><testcase classname="backend.tests.backend_test" name="test_list_villas" time="0.058" /><testcase classname="backend.tests.backend_test" name="test_villas_filter_location" time="0.059" /><testcase classname="backend.tests.backend_test" name="test_villas_filter_category" time="0.055" /><testcase classname="backend.tests.backend_test" name="test_villas_filter_bedrooms" time="0.054" /><testcase classname="backend.tests.backend_test" name="test_villas_filter_featured" time="0.054" /><testcase classname="backend.tests.backend_test" name="test_villa_detail" time="0.053" /><testcase classname="backend.tests.backend_test" name="test_villa_detail_404" time="0.085" /><testcase classname="backend.tests.backend_test" name="test_villa_related" time="0.055" /><testcase classname="backend.tests.backend_test" name="test_categories" time="0.058" /><testcase classname="backend.tests.backend_test" name="test_destinations" time="0.058" /><testcase classname="backend.tests.backend_test" name="test_experiences" time="0.051" /><testcase classname="backend.tests.backend_test" name="test_testimonials" time="0.051" /><testcase classname="backend.tests.backend_test" name="test_blog_list" time="0.049" /><testcase classname="backend.tests.backend_test" name="test_blog_filter_category" time="0.051" /><testcase classname="backend.tests.backend_test" name="test_blog_search" time="0.049" /><testcase classname="backend.tests.backend_test" name="test_blog_detail" time="0.051" /><testcase classname="backend.tests.backend_test" name="test_create_booking_pricing" time="0.078" /><testcase classname="backend.tests.backend_test" name="test_get_booking" time="0.053" /><testcase classname="backend.tests.backend_test" name="test_create_booking_invalid_villa" time="0.055" /><testcase classname="backend.tests.backend_test" name="test_checkout_session_returns_url" time="0.745" /><testcase classname="backend.tests.backend_test" name="test_checkout_security_amount_from_server" time="0.051" /><testcase classname="backend.tests.backend_test" name="test_checkout_status_poll" time="1.251"><failure message="AssertionError: Internal Server Error&#10;assert 500 == 200&#10; +  where 500 = &lt;Response [500]&gt;.status_code">backend/tests/backend_test.py:243: in test_checkout_status_poll
    assert r.status_code == 200, r.text
E   AssertionError: Internal Server Error
E   assert 500 == 200
E    +  where 500 = &lt;Response [500]&gt;.status_code</failure></testcase><testcase classname="backend.tests.backend_test" name="test_checkout_status_unknown_session" time="0.052" /><testcase classname="backend.tests.backend_test" name="test_contact" time="0.077" /><testcase classname="backend.tests.backend_test" name="test_newsletter_upsert" time="0.137" /></testsuite></testsuites>