<?xml version="1.0" encoding="utf-8"?><testsuites name="pytest tests"><testsuite name="pytest" errors="0" failures="0" skipped="0" tests="25" time="5.084" timestamp="2026-05-09T12:54:45.078601+00:00" hostname="agent-env-43bbf342-7647-4d41-a9b2-0f46aedf7c9a"><testcase classname="backend.tests.backend_test" name="test_login_bad_credentials" time="0.445" /><testcase classname="backend.tests.backend_test" name="test_auth_me_with_token" time="0.314" /><testcase classname="backend.tests.backend_test" name="test_auth_me_no_token" time="0.129" /><testcase classname="backend.tests.backend_test" name="test_auth_me_invalid_token" time="0.043" /><testcase classname="backend.tests.backend_test" name="test_root" time="0.044" /><testcase classname="backend.tests.backend_test" name="test_list_villas" time="0.049" /><testcase classname="backend.tests.backend_test" name="test_villa_detail" time="0.046" /><testcase classname="backend.tests.backend_test" name="test_create_booking_pricing_and_status" time="0.093" /><testcase classname="backend.tests.backend_test" name="test_get_booking_public_no_admin_note" time="0.093" /><testcase classname="backend.tests.backend_test" name="test_create_booking_invalid_email" time="0.052" /><testcase classname="backend.tests.backend_test" name="test_create_booking_guests_over_capacity" time="0.044" /><testcase classname="backend.tests.backend_test" name="test_create_booking_invalid_dates" time="0.046" /><testcase classname="backend.tests.backend_test" name="test_admin_bookings_requires_auth" time="0.054" /><testcase classname="backend.tests.backend_test" name="test_admin_bookings_rejects_non_admin" time="0.045" /><testcase classname="backend.tests.backend_test" name="test_admin_list_bookings" time="0.092" /><testcase classname="backend.tests.backend_test" name="test_admin_list_bookings_filter_status" time="0.091" /><testcase classname="backend.tests.backend_test" name="test_admin_stats" time="0.046" /><testcase classname="backend.tests.backend_test" name="test_admin_update_booking_status" time="0.144" /><testcase classname="backend.tests.backend_test" name="test_admin_update_booking_invalid_status" time="0.091" /><testcase classname="backend.tests.backend_test" name="test_admin_create_payment_link_and_pay_landing" time="0.187" /><testcase classname="backend.tests.backend_test" name="test_pay_landing_404" time="0.044" /><testcase classname="backend.tests.backend_test" name="test_pay_create_checkout_amount_server_derived" time="0.741" /><testcase classname="backend.tests.backend_test" name="test_pay_checkout_rejected_when_pending" time="0.095" /><testcase classname="backend.tests.backend_test" name="test_checkout_status_fallback_marks_paid" time="1.902" /><testcase classname="backend.tests.backend_test" name="test_checkout_status_unknown" time="0.046" /></testsuite></testsuites>